2023-04-03 02:19:17.163743 - Initialized conversion of CBT739
2023-04-03 02:19:17.599112 - Received CBT.V504.FILE739.PDS from FILE739.XMI 
2023-04-03 02:19:17.602565 - Found $$$#DATE.txt (text/plain) in CBT.V504.FILE739.PDS, moved to PDS/$$$#DATE
2023-04-03 02:19:17.603990 - Found $$NOTE1.txt (text/plain) in CBT.V504.FILE739.PDS, moved to PDS/$$NOTE1
2023-04-03 02:19:17.605233 - Found $IVP.txt (text/plain) in CBT.V504.FILE739.PDS, moved to PDS/$IVP
2023-04-03 02:19:17.606525 - Found $NOTES.txt (text/plain) in CBT.V504.FILE739.PDS, moved to PDS/$NOTES
2023-04-03 02:19:17.607680 - Found @FILE739.txt (text/plain) in CBT.V504.FILE739.PDS, moved to PDS/@FILE739
2023-04-03 02:19:17.608784 - Found ISPFCMDC.txt (text/plain) in CBT.V504.FILE739.PDS, moved to PDS/ISPFCMDC
2023-04-03 02:19:17.609754 - Found ISPFCMDD.txt (text/plain) in CBT.V504.FILE739.PDS, moved to PDS/ISPFCMDD
2023-04-03 02:19:17.610942 - Found ISPFCMDL.jcl (text/plain) in CBT.V504.FILE739.PDS, moved to PDS/ISPFCMDL
2023-04-03 02:19:17.612004 - Found ISPFCMDO.jcl (text/plain) in CBT.V504.FILE739.PDS, moved to PDS/ISPFCMDO
2023-04-03 02:19:17.613289 - Found ISPFCMDS.rexx (text/plain) in CBT.V504.FILE739.PDS, moved to PDS/ISPFCMDS
2023-04-03 02:19:17.614366 - Found ISPFCMD0.txt (text/plain) in CBT.V504.FILE739.PDS, moved to PDS/ISPFCMD0
2023-04-03 02:19:17.615421 - Found ISPFCMD1.txt (text/plain) in CBT.V504.FILE739.PDS, moved to PDS/ISPFCMD1
2023-04-03 02:19:17.616463 - Found ISPFCMD2.txt (text/plain) in CBT.V504.FILE739.PDS, moved to PDS/ISPFCMD2
2023-04-03 02:19:17.617495 - Found ISPFCMD3.txt (text/plain) in CBT.V504.FILE739.PDS, moved to PDS/ISPFCMD3
2023-04-03 02:19:17.618490 - Found ISPFCMD4.txt (text/plain) in CBT.V504.FILE739.PDS, moved to PDS/ISPFCMD4
2023-04-03 02:19:17.619891 - Found ISPFCMD5.txt (text/plain) in CBT.V504.FILE739.PDS, moved to PDS/ISPFCMD5
2023-04-03 02:19:17.621142 - Found ISPFCMD6.txt (text/plain) in CBT.V504.FILE739.PDS, moved to PDS/ISPFCMD6
2023-04-03 02:19:17.622146 - Found ISPFCMD7.txt (text/plain) in CBT.V504.FILE739.PDS, moved to PDS/ISPFCMD7
2023-04-03 02:19:17.623165 - Found ISPFCMD8.txt (text/plain) in CBT.V504.FILE739.PDS, moved to PDS/ISPFCMD8
2023-04-03 02:19:17.624367 - Found ISPFCMD9.txt (text/plain) in CBT.V504.FILE739.PDS, moved to PDS/ISPFCMD9
2023-04-03 02:19:17.625515 - Found ISPFCMHA.txt (text/plain) in CBT.V504.FILE739.PDS, moved to PDS/ISPFCMHA
2023-04-03 02:19:17.626805 - Found ISPFCMHC.txt (text/plain) in CBT.V504.FILE739.PDS, moved to PDS/ISPFCMHC
2023-04-03 02:19:17.627802 - Found ISPFCMHE.txt (text/plain) in CBT.V504.FILE739.PDS, moved to PDS/ISPFCMHE
2023-04-03 02:19:17.628732 - Found ISPFCMHG.txt (text/plain) in CBT.V504.FILE739.PDS, moved to PDS/ISPFCMHG
2023-04-03 02:19:17.629615 - Found ISPFCMHH.txt (text/plain) in CBT.V504.FILE739.PDS, moved to PDS/ISPFCMHH
2023-04-03 02:19:17.630743 - Found ISPFCMHK.txt (text/plain) in CBT.V504.FILE739.PDS, moved to PDS/ISPFCMHK
2023-04-03 02:19:17.631828 - Found ISPFCMHM.txt (text/plain) in CBT.V504.FILE739.PDS, moved to PDS/ISPFCMHM
2023-04-03 02:19:17.633499 - Found ISPFCMHN.txt (text/plain) in CBT.V504.FILE739.PDS, moved to PDS/ISPFCMHN
2023-04-03 02:19:17.634585 - Found ISPFCMHO.txt (text/plain) in CBT.V504.FILE739.PDS, moved to PDS/ISPFCMHO
2023-04-03 02:19:17.635628 - Found ISPFCMHS.txt (text/plain) in CBT.V504.FILE739.PDS, moved to PDS/ISPFCMHS
2023-04-03 02:19:17.636771 - Found ISPFCMHT.txt (text/plain) in CBT.V504.FILE739.PDS, moved to PDS/ISPFCMHT
2023-04-03 02:19:17.638181 - Found ISPFCMHU.txt (text/plain) in CBT.V504.FILE739.PDS, moved to PDS/ISPFCMHU
2023-04-03 02:19:17.639371 - Found ISPFCMH0.txt (text/plain) in CBT.V504.FILE739.PDS, moved to PDS/ISPFCMH0
2023-04-03 02:19:17.640432 - Found ISPFCMH1.txt (text/plain) in CBT.V504.FILE739.PDS, moved to PDS/ISPFCMH1
2023-04-03 02:19:17.641662 - Found ISPFCMH2.txt (text/plain) in CBT.V504.FILE739.PDS, moved to PDS/ISPFCMH2
2023-04-03 02:19:17.642906 - Found ISPFCMH3.txt (text/plain) in CBT.V504.FILE739.PDS, moved to PDS/ISPFCMH3
2023-04-03 02:19:17.644145 - Found ISPFCMH4.txt (text/plain) in CBT.V504.FILE739.PDS, moved to PDS/ISPFCMH4
2023-04-03 02:19:17.645229 - Found ISPFCMH5.txt (text/plain) in CBT.V504.FILE739.PDS, moved to PDS/ISPFCMH5
2023-04-03 02:19:17.646439 - Found ISPFCMH6.txt (text/plain) in CBT.V504.FILE739.PDS, moved to PDS/ISPFCMH6
2023-04-03 02:19:17.647739 - Found ISPFCMH7.txt (text/plain) in CBT.V504.FILE739.PDS, moved to PDS/ISPFCMH7
2023-04-03 02:19:17.649016 - Found ISPFCMH8.txt (text/plain) in CBT.V504.FILE739.PDS, moved to PDS/ISPFCMH8
2023-04-03 02:19:17.650246 - Found ISPFCMH9.txt (text/plain) in CBT.V504.FILE739.PDS, moved to PDS/ISPFCMH9
2023-04-03 02:19:17.651420 - Found ISPFCMO3.txt (text/plain) in CBT.V504.FILE739.PDS, moved to PDS/ISPFCMO3
2023-04-03 02:19:17.652742 - Found JSPCATAB.rexx (text/plain) in CBT.V504.FILE739.PDS, moved to PDS/JSPCATAB
2023-04-03 02:19:17.653996 - Found JSPCCONF.rexx (text/plain) in CBT.V504.FILE739.PDS, moved to PDS/JSPCCONF
2023-04-03 02:19:17.655312 - Found JSPCCONV.rexx (text/plain) in CBT.V504.FILE739.PDS, moved to PDS/JSPCCONV
2023-04-03 02:19:17.655323 - Found JSPPCONF.bin containing application/octet-stream, moved to PDS/JSPPCONF
2023-04-03 02:19:17.656608 - Found JSPPC000.bin containing application/octet-stream, moved to PDS/JSPPC000
2023-04-03 02:19:17.658999 - Found JSPPC001.txt (text/plain) in CBT.V504.FILE739.PDS, moved to PDS/JSPPC001
